TN:
SF:src/modules/users/services/AuthenticateUserService.ts
FN:24,(anonymous_18)
FN:25,AuthenticateUserService
FN:33,(anonymous_20)
FNF:3
FNH:3
FNDA:1,(anonymous_18)
FNDA:3,AuthenticateUserService
FNDA:3,(anonymous_20)
DA:1,1
DA:2,1
DA:4,1
DA:6,1
DA:24,1
DA:27,3
DA:30,3
DA:33,3
DA:34,3
DA:36,3
DA:37,1
DA:40,2
DA:45,2
DA:46,1
DA:49,1
DA:51,1
DA:56,1
DA:61,1
DA:63,1
LF:19
LH:19
BRDA:34,0,0,3
BRDA:36,1,0,1
BRDA:36,1,1,2
BRDA:45,2,0,1
BRDA:45,2,1,1
BRF:5
BRH:5
end_of_record
TN:
SF:src/modules/users/services/CreateUserService.ts
FN:10,(anonymous_18)
FN:11,CreateUserService
FN:19,(anonymous_20)
FNF:3
FNH:3
FNDA:1,(anonymous_18)
FNDA:3,CreateUserService
FNDA:5,(anonymous_20)
DA:1,1
DA:3,1
DA:10,1
DA:13,3
DA:16,3
DA:19,1
DA:20,5
DA:22,5
DA:23,5
DA:25,5
DA:26,2
DA:29,3
DA:31,3
DA:38,3
DA:40,6
DA:42,3
DA:44,1
DA:46,1
LF:18
LH:18
BRDA:25,0,0,2
BRDA:25,0,1,3
BRDA:25,1,0,5
BRDA:25,1,1,4
BRF:4
BRH:4
end_of_record
